<?xml version="1.0" encoding="utf-8"?><testsuites name="pytest tests"><testsuite name="pytest" errors="0" failures="0" skipped="0" tests="6" time="18.196" timestamp="2026-09-08T07:46:02.014007+00:00" hostname="agent-env-4d34bc32-de68-46ef-86d3-6f86c52f3f86"><testcase classname="tests.test_campaign_live_and_report_notif.TestCampaignLiveAnnounce" name="test_create_live_campaign_announces_and_records_flag" time="4.821" /><testcase classname="tests.test_campaign_live_and_report_notif.TestCampaignLiveAnnounce" name="test_broadcast_entry_recorded" time="7.010" /><testcase classname="tests.test_campaign_live_and_report_notif.TestCampaignLiveAnnounce" name="test_pause_then_live_does_not_duplicate" time="3.755" /><testcase classname="tests.test_campaign_live_and_report_notif.TestCampaignLiveAnnounce" name="test_banner_auto_entry_when_no_image" time="0.207" /><testcase classname="tests.test_campaign_live_and_report_notif.TestCampaignLiveAnnounce" name="test_cleanup_campaigns" time="0.004" /><testcase classname="tests.test_campaign_live_and_report_notif.TestReportNotificationCleanup" name="test_report_notif_has_report_id_and_delete_removes_notif" time="2.347" /></testsuite></testsuites>