<?xml version="1.0" encoding="utf-8"?><testsuites name="pytest tests"><testsuite name="pytest" errors="0" failures="0" skipped="0" tests="13" time="5.903" timestamp="2026-09-10T15:32:18.104595+00:00" hostname="agent-env-4d34bc32-de68-46ef-86d3-6f86c52f3f86"><testcase classname="tests.test_iteration_16_auth_ifsc" name="test_customer_login_success_and_rehash" time="0.529" /><testcase classname="tests.test_iteration_16_auth_ifsc" name="test_customer_get_me" time="0.309" /><testcase classname="tests.test_iteration_16_auth_ifsc" name="test_customer_login_wrong_password_attempts_left" time="0.227" /><testcase classname="tests.test_iteration_16_auth_ifsc" name="test_customer_lockout_after_5_wrong" time="1.202" /><testcase classname="tests.test_iteration_16_auth_ifsc" name="test_admin_login_portal" time="0.201" /><testcase classname="tests.test_iteration_16_auth_ifsc" name="test_customer_with_admin_portal_403" time="0.221" /><testcase classname="tests.test_iteration_16_auth_ifsc" name="test_change_password_roundtrip" time="1.145" /><testcase classname="tests.test_iteration_16_auth_ifsc" name="test_ifsc_unauth" time="0.154" /><testcase classname="tests.test_iteration_16_auth_ifsc" name="test_ifsc_sbin" time="0.342" /><testcase classname="tests.test_iteration_16_auth_ifsc" name="test_ifsc_mahg" time="0.176" /><testcase classname="tests.test_iteration_16_auth_ifsc" name="test_ifsc_notfound" time="0.926" /><testcase classname="tests.test_iteration_16_auth_ifsc" name="test_ifsc_invalid_format" time="0.167" /><testcase classname="tests.test_iteration_16_auth_ifsc" name="test_go_redirect" time="0.157" /></testsuite></testsuites>