<?xml version="1.0" encoding="utf-8"?><testsuites name="pytest tests"><testsuite name="pytest" errors="0" failures="0" skipped="0" tests="10" time="6.830" timestamp="2026-09-10T15:10:25.860941+00:00" hostname="agent-env-4d34bc32-de68-46ef-86d3-6f86c52f3f86"><testcase classname="tests.test_auto_banner_slider" name="test_customer_sees_new_auto_banner" time="1.868" /><testcase classname="tests.test_auto_banner_slider" name="test_update_campaign_refreshes_banner" time="0.615" /><testcase classname="tests.test_auto_banner_slider" name="test_pause_removes_auto_banner" time="0.681" /><testcase classname="tests.test_auto_banner_slider" name="test_toggle_offer_removes_auto_banner" time="0.552" /><testcase classname="tests.test_auto_banner_slider" name="test_slider_patch_show_in_slider" time="0.793" /><testcase classname="tests.test_auto_banner_slider" name="test_slider_patch_headline_tagline" time="0.307" /><testcase classname="tests.test_auto_banner_slider" name="test_slider_order_respected" time="0.702" /><testcase classname="tests.test_auto_banner_slider" name="test_slider_patch_non_admin_403" time="0.159" /><testcase classname="tests.test_auto_banner_slider" name="test_slider_patch_empty_body_400" time="0.149" /><testcase classname="tests.test_auto_banner_slider" name="test_delete_removes_auto_banner" time="0.465" /></testsuite></testsuites>