<?xml version="1.0" encoding="utf-8"?><testsuites name="pytest tests"><testsuite name="pytest" errors="0" failures="0" skipped="0" tests="43" time="8.906" timestamp="2026-09-12T06:52:27.766085+00:00" hostname="agent-env-4d34bc32-de68-46ef-86d3-6f86c52f3f86"><testcase classname="tests.test_iteration_18_employees.TestAdminRegression" name="test_dashboard" time="0.522" /><testcase classname="tests.test_iteration_18_employees.TestAdminRegression" name="test_leads" time="0.120" /><testcase classname="tests.test_iteration_18_employees.TestAdminRegression" name="test_withdrawals" time="0.119" /><testcase classname="tests.test_iteration_18_employees.TestAdminRegression" name="test_customers" time="0.132" /><testcase classname="tests.test_iteration_18_employees.TestEmployeeCRUD" name="test_create_bad_username_uppercase" time="0.109" /><testcase classname="tests.test_iteration_18_employees.TestEmployeeCRUD" name="test_create_short_password" time="0.123" /><testcase classname="tests.test_iteration_18_employees.TestEmployeeCRUD" name="test_create_success" time="0.198" /><testcase classname="tests.test_iteration_18_employees.TestEmployeeCRUD" name="test_create_duplicate" time="0.115" /><testcase classname="tests.test_iteration_18_employees.TestEmployeeCRUD" name="test_list_includes_activity_count" time="0.128" /><testcase classname="tests.test_iteration_18_employees.TestEmployeeLogin" name="test_login_success" time="0.170" /><testcase classname="tests.test_iteration_18_employees.TestEmployeeLogin" name="test_login_wrong_password_attempts_left" time="0.191" /><testcase classname="tests.test_iteration_18_employees.TestEmployeeLogin" name="test_employee_cannot_use_admin_login" time="0.184" /><testcase classname="tests.test_iteration_18_employees.TestEmployeeLogin" name="test_disable_then_login_forbidden" time="0.605" /><testcase classname="tests.test_iteration_18_employees.TestRBAC" name="test_leads_view" time="0.282" /><testcase classname="tests.test_iteration_18_employees.TestRBAC" name="test_withdrawals_view" time="0.117" /><testcase classname="tests.test_iteration_18_employees.TestRBAC" name="test_customers_view" time="0.113" /><testcase classname="tests.test_iteration_18_employees.TestRBAC" name="test_withdrawals_patch_forbidden" time="0.239" /><testcase classname="tests.test_iteration_18_employees.TestRBAC" name="test_lead_fund_forbidden" time="0.120" /><testcase classname="tests.test_iteration_18_employees.TestRBAC" name="test_categories_post_forbidden" time="0.112" /><testcase classname="tests.test_iteration_18_employees.TestRBAC" name="test_broadcast_forbidden" time="0.114" /><testcase classname="tests.test_iteration_18_employees.TestRBAC" name="test_reports_forbidden" time="0.131" /><testcase classname="tests.test_iteration_18_employees.TestRBAC" name="test_kyc_patch_forbidden" time="0.113" /><testcase classname="tests.test_iteration_18_employees.TestRBAC" name="test_credit_forbidden" time="0.116" /><testcase classname="tests.test_iteration_18_employees.TestRBAC" name="test_dashboard_admin_only" time="0.108" /><testcase classname="tests.test_iteration_18_employees.TestRBAC" name="test_employees_admin_only" time="0.105" /><testcase classname="tests.test_iteration_18_employees.TestRBAC" name="test_activity_logs_admin_only" time="0.115" /><testcase classname="tests.test_iteration_18_employees.TestRBAC" name="test_settings_admin_only" time="0.116" /><testcase classname="tests.test_iteration_18_employees.TestRBAC" name="test_dedicated_referrals_admin_only" time="0.120" /><testcase classname="tests.test_iteration_18_employees.TestRBAC" name="test_customer_forbidden_employees" time="0.290" /><testcase classname="tests.test_iteration_18_employees.TestRBAC" name="test_customer_forbidden_activity_logs" time="0.148" /><testcase classname="tests.test_iteration_18_employees.TestRBAC" name="test_lead_patch_allowed" time="0.229" /><testcase classname="tests.test_iteration_18_employees.TestEmployeeSelfService" name="test_change_password_wrong_current" time="0.185" /><testcase classname="tests.test_iteration_18_employees.TestEmployeeSelfService" name="test_change_password_success_and_reset" time="1.184" /><testcase classname="tests.test_iteration_18_employees.TestEmployeeSelfService" name="test_my_activity" time="0.120" /><testcase classname="tests.test_iteration_18_employees.TestActivityLogs" name="test_logs_contain_actions" time="0.117" /><testcase classname="tests.test_iteration_18_employees.TestActivityLogs" name="test_filter_by_action" time="0.135" /><testcase classname="tests.test_iteration_18_employees.TestActivityLogs" name="test_filter_by_role_employee" time="0.108" /><testcase classname="tests.test_iteration_18_employees.TestActivityLogs" name="test_filter_by_status" time="0.108" /><testcase classname="tests.test_iteration_18_employees.TestActivityLogs" name="test_filter_by_employee_id" time="0.320" /><testcase classname="tests.test_iteration_18_employees.TestActivityLogs" name="test_filter_date_range" time="0.112" /><testcase classname="tests.test_iteration_18_employees.TestActivityLogs" name="test_meta" time="0.134" /><testcase classname="tests.test_iteration_18_employees.TestActivityLogs" name="test_no_edit_endpoint" time="0.230" /><testcase classname="tests.test_iteration_18_employees.TestEmployeeDelete" name="test_delete_and_reusable_username" time="0.647" /></testsuite></testsuites>