<?xml version="1.0" encoding="utf-8"?><testsuites name="pytest tests"><testsuite name="pytest" errors="0" failures="0" skipped="0" tests="17" time="4.301" timestamp="2026-09-10T14:38:45.786552+00:00" hostname="agent-env-4d34bc32-de68-46ef-86d3-6f86c52f3f86"><testcase classname="tests.test_iteration_13.TestAdminCustomerEdit" name="test_detail_shape" time="0.911" /><testcase classname="tests.test_iteration_13.TestLeadFund" name="test_fund_zero_amount_400" time="0.969" /><testcase classname="tests.test_iteration_13.TestAdminCustomerEdit" name="test_update_profile_logs_history" time="0.812" /><testcase classname="tests.test_iteration_13.TestLeadFund" name="test_fund_negative_400" time="0.172" /><testcase classname="tests.test_iteration_13.TestLeadFund" name="test_fund_bogus_id_404" time="0.138" /><testcase classname="tests.test_iteration_13.TestLeadFund" name="test_fund_credits_partner_wallet" time="0.457" /><testcase classname="tests.test_iteration_13.TestAdminCustomerEdit" name="test_kyc_invalid_pan_400" time="0.259" /><testcase classname="tests.test_iteration_13.TestLeadFund" name="test_fund_transaction_created_by_admin" time="0.133" /><testcase classname="tests.test_iteration_13.TestAdminCustomerEdit" name="test_kyc_update_ifsc_logs" time="0.586" /><testcase classname="tests.test_iteration_13.TestWalletAdjust" name="test_reason_required" time="0.289" /><testcase classname="tests.test_iteration_13.TestWalletAdjust" name="test_add_then_deduct_over_400" time="0.443" /><testcase classname="tests.test_iteration_13.TestAdminCustomerEdit" name="test_mobile_duplicate_400" time="0.349" /><testcase classname="tests.test_iteration_13.TestWalletAdjust" name="test_wallet_adjust_logged_in_detail" time="0.131" /><testcase classname="tests.test_iteration_13.TestLeadsDateFilter" name="test_date_filter_reduces_count" time="0.264" /><testcase classname="tests.test_iteration_13.TestGoSpeed" name="test_go_redirects_fast_and_logs_click" time="0.574" /><testcase classname="tests.test_iteration_13.TestCustomerSelfProfile" name="test_self_profile_update_logs_self" time="0.783" /><testcase classname="tests.test_iteration_13.TestGoSpeed" name="test_go_invalid_slug_redirects_to_offer_ended" time="0.151" /></testsuite></testsuites>