<?xml version="1.0" encoding="utf-8"?><testsuites name="pytest tests"><testsuite name="pytest" errors="0" failures="0" skipped="0" tests="3" time="1.707" timestamp="2026-09-07T20:51:49.537944+00:00" hostname="agent-env-4d34bc32-de68-46ef-86d3-6f86c52f3f86"><testcase classname="tests.test_kyc_confirm" name="test_kyc_mismatch_blocked" time="0.578" /><testcase classname="tests.test_kyc_confirm" name="test_kyc_match_not_mismatch_error" time="0.160" /><testcase classname="tests.test_kyc_confirm" name="test_kyc_confirm_omitted_backward_compat" time="0.192" /></testsuite></testsuites>