<?xml version="1.0" encoding="utf-8"?><testsuites name="pytest tests"><testsuite name="pytest" errors="0" failures="0" skipped="0" tests="8" time="4.380" timestamp="2026-09-08T07:09:31.751769+00:00" hostname="agent-env-4d34bc32-de68-46ef-86d3-6f86c52f3f86"><testcase classname="tests.test_pan_aadhaar_export.TestLeadPan" name="test_lowercase_pan_stored_uppercase" time="0.601" /><testcase classname="tests.test_pan_aadhaar_export.TestAdminLeadsExport" name="test_export_xlsx_all" time="1.626" /><testcase classname="tests.test_pan_aadhaar_export.TestLeadPan" name="test_invalid_pan_rejected" time="0.758" /><testcase classname="tests.test_pan_aadhaar_export.TestLeadAadhaar" name="test_aadhaar_5_digits_rejected" time="0.223" /><testcase classname="tests.test_pan_aadhaar_export.TestLeadAadhaar" name="test_aadhaar_12_digits_ok" time="0.184" /><testcase classname="tests.test_pan_aadhaar_export.TestAdminLeadsExport" name="test_export_csv_all" time="0.179" /><testcase classname="tests.test_pan_aadhaar_export.TestAdminLeadsExport" name="test_export_date_range_no_leads" time="0.174" /><testcase classname="tests.test_pan_aadhaar_export.TestAdminLeadsExport" name="test_export_date_range_specific" time="0.509" /></testsuite></testsuites>