<?xml version="1.0" encoding="utf-8"?><testsuites name="pytest tests"><testsuite name="pytest" errors="0" failures="0" skipped="0" tests="67" time="104.996" timestamp="2026-09-07T09:43:29.630980+00:00" hostname="agent-env-4d34bc32-de68-46ef-86d3-6f86c52f3f86"><testcase classname="tests.backend_test.TestAuth" name="test_admin_login" time="0.562" /><testcase classname="tests.backend_test.TestAuth" name="test_login_bad_password" time="0.326" /><testcase classname="tests.backend_test.TestAuth" name="test_login_before_verify_blocked" time="1.026" /><testcase classname="tests.backend_test.TestWalletAndWithdrawals" name="test_wallet_initial" time="1.359" /><testcase classname="tests.backend_test.TestWalletAndWithdrawals" name="test_admin_credit_and_wallet" time="0.939" /><testcase classname="tests.backend_test.TestWalletAndWithdrawals" name="test_withdraw_requires_kyc" time="0.124" /><testcase classname="tests.backend_test.TestWalletAndWithdrawals" name="test_submit_kyc" time="0.888" /><testcase classname="tests.backend_test.TestAuth" name="test_me" time="0.766" /><testcase classname="tests.backend_test.TestAuth" name="test_forgot_reset_password" time="1.835" /><testcase classname="tests.backend_test.TestWalletAndWithdrawals" name="test_kyc_invalid_pan_400" time="1.328" /><testcase classname="tests.backend_test.TestCampaigns" name="test_public_list_filters_enabled" time="0.122" /><testcase classname="tests.backend_test.TestCampaigns" name="test_search_and_filter" time="0.635" /><testcase classname="tests.backend_test.TestWalletAndWithdrawals" name="test_kyc_duplicate_pan_rejected" time="0.768" /><testcase classname="tests.backend_test.TestCampaigns" name="test_slug_endpoint" time="0.455" /><testcase classname="tests.backend_test.TestWalletAndWithdrawals" name="test_withdraw_below_min_rejected" time="0.321" /><testcase classname="tests.backend_test.TestWalletAndWithdrawals" name="test_withdraw_without_pin_rejected" time="2.157" /><testcase classname="tests.backend_test.TestCampaigns" name="test_full_campaign_crud" time="2.601" /><testcase classname="tests.backend_test.TestWalletAndWithdrawals" name="test_withdraw_success_and_admin_flow" time="1.543" /><testcase classname="tests.backend_test.TestCampaigns" name="test_archived_requires_admin" time="0.121" /><testcase classname="tests.backend_test.TestLoginPortalSeparation" name="test_admin_on_customer_portal_blocked" time="0.321" /><testcase classname="tests.backend_test.TestLoginPortalSeparation" name="test_admin_default_portal_blocked" time="0.321" /><testcase classname="tests.backend_test.TestLoginPortalSeparation" name="test_customer_on_admin_portal_blocked" time="0.326" /><testcase classname="tests.backend_test.TestLoginPortalSeparation" name="test_admin_correct_portal_ok" time="0.321" /><testcase classname="tests.backend_test.TestWalletAndWithdrawals" name="test_withdraw_over_balance" time="0.756" /><testcase classname="tests.backend_test.TestLoginPortalSeparation" name="test_customer_correct_portal_ok" time="0.436" /><testcase classname="tests.backend_test.TestStatements" name="test_statement_formats[csv-text/csv]" time="0.388" /><testcase classname="tests.backend_test.TestAdminBroadcast" name="test_broadcast_all_creates_in_app_notifs_and_row" time="4.177" /><testcase classname="tests.backend_test.TestStatements" name="test_statement_formats[excel-spreadsheetml]" time="0.915" /><testcase classname="tests.backend_test.TestStatements" name="test_statement_formats[pdf-application/pdf]" time="0.250" /><testcase classname="tests.backend_test.TestUpload" name="test_customer_can_upload_image" time="0.324" /><testcase classname="tests.backend_test.TestUpload" name="test_customer_cannot_upload_non_image" time="0.128" /><testcase classname="tests.backend_test.TestUpload" name="test_upload_and_serve" time="0.564" /><testcase classname="tests.backend_test.TestAffiliate" name="test_go_redirect_with_ref_and_click_logged" time="0.132" /><testcase classname="tests.backend_test.TestAffiliate" name="test_go_unknown_slug_redirects_to_offer_ended" time="0.145" /><testcase classname="tests.backend_test.TestAffiliate" name="test_my_clicks_counts_referrer" time="1.098" /><testcase classname="tests.backend_test.TestLeadsFlow" name="test_lead_fields_normalized_to_10" time="0.434" /><testcase classname="tests.backend_test.TestAdminBroadcast" name="test_broadcast_empty_subject_rejected" time="0.132" /><testcase classname="tests.backend_test.TestAdminBroadcast" name="test_broadcast_selected_requires_ids" time="0.145" /><testcase classname="tests.backend_test.TestLeadsFlow" name="test_go_redirects_to_join_when_lead_fields_enabled" time="0.550" /><testcase classname="tests.backend_test.TestAdminBroadcast" name="test_broadcast_requires_admin" time="0.129" /><testcase classname="tests.backend_test.TestDashboard" name="test_admin_dashboard" time="0.144" /><testcase classname="tests.backend_test.TestDashboard" name="test_customer_cannot_access_admin" time="0.156" /><testcase classname="tests.backend_test.TestBanners" name="test_banner_crud_and_visibility" time="0.823" /><testcase classname="tests.backend_test.TestLeadsFlow" name="test_lead_create_validation_and_admin_flow" time="2.707" /><testcase classname="tests.backend_test.TestBanners" name="test_banner_admin_only" time="0.126" /><testcase classname="tests.backend_test.TestReferAndEarn" name="test_settings_public_and_admin_update" time="0.605" /><testcase classname="tests.backend_test.TestReferAndEarn" name="test_signup_with_ref_credits_referrer" time="2.143" /><testcase classname="tests.backend_test.TestIsolation" name="test_no_token_unauth" time="0.374" /><testcase classname="tests.backend_test.TestIsolation" name="test_customer_cannot_create_campaign" time="0.141" /><testcase classname="tests.backend_test.TestCampaignLiveAnnouncement" name="test_pause_to_live_creates_notification_and_broadcast" time="14.592" /><testcase classname="tests.backend_test.TestUpiQrUpload" name="test_customer_upload_qr_and_kyc_and_withdrawal_snapshot" time="2.615" /><testcase classname="tests.backend_test.TestUpiQrUpload" name="test_customer_upload_non_image_rejected" time="0.152" /><testcase classname="tests.backend_test.TestSecurityChangePassword" name="test_change_password_wrong_current_400" time="0.961" /><testcase classname="tests.backend_test.TestSecurityChangePassword" name="test_change_password_success_then_login" time="1.752" /><testcase classname="tests.backend_test.TestForgotEmail" name="test_recover_email_by_pan" time="1.461" /><testcase classname="tests.backend_test.TestForgotEmail" name="test_recover_email_requires_pan_or_dob" time="0.154" /><testcase classname="tests.backend_test.TestCategories" name="test_category_crud" time="0.628" /><testcase classname="tests.backend_test.TestWithdrawalPayout" name="test_upi_empty_details_autofill_from_kyc" time="2.028" /><testcase classname="tests.backend_test.TestMarkPaidWithProof" name="test_mark_paid_with_proof_and_utr" time="2.956" /><testcase classname="tests.backend_test.TestAffiliateLinkNormalize" name="test_missing_scheme_normalized_to_https" time="0.283" /><testcase classname="tests.backend_test.TestCampaignStatusSync" name="test_public_list_hides_paused_and_closed" time="1.517" /><testcase classname="tests.backend_test.TestCampaignLiveAnnouncement" name="test_mark_read_specific_and_all" time="0.519" /><testcase classname="tests.backend_test.TestNotificationsAuth" name="test_requires_auth" time="0.248" /><testcase classname="tests.backend_test.TestAdminKyc" name="test_kyc_list_and_transitions" time="70.577" /><testcase classname="tests.backend_test.TestInvalidToken" name="test_invalid_token_401" time="0.265" /><testcase classname="tests.backend_test.TestTransactionPassword" name="test_status_and_set_and_reset_via_otp" time="40.009" /><testcase classname="tests.backend_test.TestAdminKyc" name="test_kyc_requires_admin" time="0.123" /></testsuite></testsuites>