<?xml version="1.0" encoding="utf-8"?><testsuites name="pytest tests"><testsuite name="pytest" errors="0" failures="2" skipped="0" tests="59" time="161.274" timestamp="2026-09-07T09:09:32.653319+00:00" hostname="agent-env-4d34bc32-de68-46ef-86d3-6f86c52f3f86"><testcase classname="tests.backend_test.TestAuth" name="test_admin_login" time="0.516" /><testcase classname="tests.backend_test.TestAuth" name="test_login_bad_password" time="0.434" /><testcase classname="tests.backend_test.TestAuth" name="test_login_before_verify_blocked" time="0.735" /><testcase classname="tests.backend_test.TestWalletAndWithdrawals" name="test_wallet_initial" time="1.821" /><testcase classname="tests.backend_test.TestWalletAndWithdrawals" name="test_admin_credit_and_wallet" time="0.826" /><testcase classname="tests.backend_test.TestAuth" name="test_me" time="1.002" /><testcase classname="tests.backend_test.TestWalletAndWithdrawals" name="test_withdraw_requires_kyc" time="0.122" /><testcase classname="tests.backend_test.TestAuth" name="test_forgot_reset_password" time="1.249" /><testcase classname="tests.backend_test.TestWalletAndWithdrawals" name="test_submit_kyc" time="0.251" /><testcase classname="tests.backend_test.TestWalletAndWithdrawals" name="test_withdraw_below_min_rejected" time="0.223" /><testcase classname="tests.backend_test.TestWalletAndWithdrawals" name="test_withdraw_success_and_admin_flow" time="1.236" /><testcase classname="tests.backend_test.TestCampaigns" name="test_public_list_filters_enabled" time="0.174" /><testcase classname="tests.backend_test.TestCampaigns" name="test_search_and_filter" time="1.283" /><testcase classname="tests.backend_test.TestWalletAndWithdrawals" name="test_withdraw_over_balance" time="0.127" /><testcase classname="tests.backend_test.TestLoginPortalSeparation" name="test_admin_on_customer_portal_blocked" time="0.341" /><testcase classname="tests.backend_test.TestLoginPortalSeparation" name="test_admin_default_portal_blocked" time="0.343" /><testcase classname="tests.backend_test.TestLoginPortalSeparation" name="test_customer_on_admin_portal_blocked" time="0.328" /><testcase classname="tests.backend_test.TestCampaigns" name="test_slug_endpoint" time="0.355" /><testcase classname="tests.backend_test.TestLoginPortalSeparation" name="test_admin_correct_portal_ok" time="0.374" /><testcase classname="tests.backend_test.TestCampaigns" name="test_full_campaign_crud" time="2.025" /><testcase classname="tests.backend_test.TestLoginPortalSeparation" name="test_customer_correct_portal_ok" time="0.325" /><testcase classname="tests.backend_test.TestAdminBroadcast" name="test_broadcast_all_creates_in_app_notifs_and_row" time="5.289" /><testcase classname="tests.backend_test.TestCampaigns" name="test_archived_requires_admin" time="0.139" /><testcase classname="tests.backend_test.TestStatements" name="test_statement_formats[csv-text/csv]" time="0.149"><failure message="AssertionError: assert 47 &gt; 50&#10; +  where 47 = len(b'Date,Description,Type,Amount,Reference,Status\r\n')&#10; +    where b'Date,Description,Type,Amount,Reference,Status\r\n' = &lt;Response [200]&gt;.content">backend/tests/backend_test.py:320: in test_statement_formats
    assert len(r.content) &gt; 50
E   AssertionError: assert 47 &gt; 50
E    +  where 47 = len(b'Date,Description,Type,Amount,Reference,Status\r\n')
E    +    where b'Date,Description,Type,Amount,Reference,Status\r\n' = &lt;Response [200]&gt;.content</failure></testcase><testcase classname="tests.backend_test.TestStatements" name="test_statement_formats[excel-spreadsheetml]" time="2.937" /><testcase classname="tests.backend_test.TestStatements" name="test_statement_formats[pdf-application/pdf]" time="0.579" /><testcase classname="tests.backend_test.TestAdminBroadcast" name="test_broadcast_empty_subject_rejected" time="0.131" /><testcase classname="tests.backend_test.TestUpload" name="test_customer_can_upload_image" time="0.404" /><testcase classname="tests.backend_test.TestAdminBroadcast" name="test_broadcast_selected_requires_ids" time="0.226" /><testcase classname="tests.backend_test.TestAdminBroadcast" name="test_broadcast_requires_admin" time="0.140" /><testcase classname="tests.backend_test.TestUpload" name="test_customer_cannot_upload_non_image" time="0.182" /><testcase classname="tests.backend_test.TestAffiliate" name="test_go_redirect_with_ref_and_click_logged" time="0.118"><failure message="AssertionError: Expected external primary URL, got https://radhika-connect.preview.emergentagent.com/join/choice-trade-test?ref=RTA12499&#10;assert False&#10; +  where False = &lt;built-in method startswith of str object at 0xfda014ed0ae0&gt;('https://offertracking.in/')&#10; +    where &lt;built-in method startswith of str object at 0xfda014ed0ae0&gt; = 'https://radhika-connect.preview.emergentagent.com/join/choice-trade-test?ref=RTA12499'.startswith">backend/tests/backend_test.py:357: in test_go_redirect_with_ref_and_click_logged
    assert loc.startswith("https://offertracking.in/"), f"Expected external primary URL, got {loc}"
E   AssertionError: Expected external primary URL, got https://radhika-connect.preview.emergentagent.com/join/choice-trade-test?ref=RTA12499
E   assert False
E    +  where False = &lt;built-in method startswith of str object at 0xfda014ed0ae0&gt;('https://offertracking.in/')
E    +    where &lt;built-in method startswith of str object at 0xfda014ed0ae0&gt; = 'https://radhika-connect.preview.emergentagent.com/join/choice-trade-test?ref=RTA12499'.startswith</failure></testcase><testcase classname="tests.backend_test.TestUpload" name="test_upload_and_serve" time="0.585" /><testcase classname="tests.backend_test.TestAffiliate" name="test_go_unknown_slug_redirects_to_offer_ended" time="0.258" /><testcase classname="tests.backend_test.TestAffiliate" name="test_my_clicks_counts_referrer" time="1.311" /><testcase classname="tests.backend_test.TestLeadsFlow" name="test_lead_fields_normalized_to_10" time="0.528" /><testcase classname="tests.backend_test.TestLeadsFlow" name="test_go_redirects_to_join_when_lead_fields_enabled" time="0.547" /><testcase classname="tests.backend_test.TestDashboard" name="test_admin_dashboard" time="0.132" /><testcase classname="tests.backend_test.TestLeadsFlow" name="test_lead_create_validation_and_admin_flow" time="38.780" /><testcase classname="tests.backend_test.TestDashboard" name="test_customer_cannot_access_admin" time="0.134" /><testcase classname="tests.backend_test.TestBanners" name="test_banner_crud_and_visibility" time="0.907" /><testcase classname="tests.backend_test.TestBanners" name="test_banner_admin_only" time="0.127" /><testcase classname="tests.backend_test.TestReferAndEarn" name="test_settings_public_and_admin_update" time="0.514" /><testcase classname="tests.backend_test.TestReferAndEarn" name="test_signup_with_ref_credits_referrer" time="32.007" /><testcase classname="tests.backend_test.TestUpiQrUpload" name="test_customer_upload_qr_and_kyc_and_withdrawal_snapshot" time="35.872" /><testcase classname="tests.backend_test.TestIsolation" name="test_no_token_unauth" time="1.389" /><testcase classname="tests.backend_test.TestIsolation" name="test_customer_cannot_create_campaign" time="0.154" /><testcase classname="tests.backend_test.TestAdminKyc" name="test_kyc_list_and_transitions" time="21.558" /><testcase classname="tests.backend_test.TestAdminKyc" name="test_kyc_requires_admin" time="0.120" /><testcase classname="tests.backend_test.TestCategories" name="test_category_crud" time="0.764" /><testcase classname="tests.backend_test.TestWithdrawalPayout" name="test_upi_empty_details_autofill_from_kyc" time="1.031" /><testcase classname="tests.backend_test.TestMarkPaidWithProof" name="test_mark_paid_with_proof_and_utr" time="1.775" /><testcase classname="tests.backend_test.TestAffiliateLinkNormalize" name="test_missing_scheme_normalized_to_https" time="0.277" /><testcase classname="tests.backend_test.TestCampaignStatusSync" name="test_public_list_hides_paused_and_closed" time="1.524" /><testcase classname="tests.backend_test.TestNotificationsAuth" name="test_requires_auth" time="0.252" /><testcase classname="tests.backend_test.TestInvalidToken" name="test_invalid_token_401" time="0.137" /><testcase classname="tests.backend_test.TestUpiQrUpload" name="test_customer_upload_non_image_rejected" time="0.124" /><testcase classname="tests.backend_test.TestCampaignLiveAnnouncement" name="test_pause_to_live_creates_notification_and_broadcast" time="76.214" /><testcase classname="tests.backend_test.TestCampaignLiveAnnouncement" name="test_mark_read_specific_and_all" time="0.594" /></testsuite></testsuites>