<?xml version="1.0" encoding="utf-8"?><testsuites name="pytest tests"><testsuite name="pytest" errors="0" failures="0" skipped="0" tests="15" time="6.394" timestamp="2026-09-08T07:20:07.872706+00:00" hostname="agent-env-4d34bc32-de68-46ef-86d3-6f86c52f3f86"><testcase classname="tests.test_reports_feature.TestSendReport" name="test_missing_title" time="0.634" /><testcase classname="tests.test_reports_feature.TestSendReport" name="test_selected_empty_userids" time="0.492" /><testcase classname="tests.test_reports_feature.TestSendReport" name="test_send_selected" time="1.348" /><testcase classname="tests.test_reports_feature.TestAdminList" name="test_admin_list_contains" time="0.173" /><testcase classname="tests.test_reports_feature.TestCustomerViewAndDownload" name="test_testcust_sees_report" time="0.170" /><testcase classname="tests.test_reports_feature.TestCustomerViewAndDownload" name="test_throwaway_does_not_see" time="0.540" /><testcase classname="tests.test_reports_feature.TestCustomerViewAndDownload" name="test_download_by_testcust" time="0.296" /><testcase classname="tests.test_reports_feature.TestCustomerViewAndDownload" name="test_report_downloaded_flag" time="0.151" /><testcase classname="tests.test_reports_feature.TestCustomerViewAndDownload" name="test_admin_download_count_increment" time="0.167" /><testcase classname="tests.test_reports_feature.TestCustomerViewAndDownload" name="test_throwaway_download_404" time="0.170" /><testcase classname="tests.test_reports_feature.TestCustomerViewAndDownload" name="test_notification_for_testcust" time="0.151" /><testcase classname="tests.test_reports_feature.TestExpiryAndDelete" name="test_expiry_purges" time="0.161" /><testcase classname="tests.test_reports_feature.TestExpiryAndDelete" name="test_file_marked_deleted" time="0.004" /><testcase classname="tests.test_reports_feature.TestExpiryAndDelete" name="test_delete_fresh_report" time="0.634" /><testcase classname="tests.test_reports_feature.TestAudienceAll" name="test_all_visible_to_both" time="1.168" /></testsuite></testsuites>