<?xml version="1.0" encoding="utf-8"?><testsuites name="pytest tests"><testsuite name="pytest" errors="0" failures="0" skipped="0" tests="6" time="4.659" timestamp="2026-09-07T20:40:43.355525+00:00" hostname="agent-env-4d34bc32-de68-46ef-86d3-6f86c52f3f86"><testcase classname="tests.test_account_status_retest.TestDisabledAndActive" name="test_disabled_then_active" time="1.634" /><testcase classname="tests.test_account_status_retest.TestDeactivate" name="test_reason_required" time="0.993" /><testcase classname="tests.test_account_status_retest.TestDeactivate" name="test_deactivate_blocks_login_and_existing_token" time="1.435" /><testcase classname="tests.test_account_status_retest.TestPurge" name="test_purge_removes_user_and_transactions" time="0.387" /><testcase classname="tests.test_account_status_retest.TestSoftDelete" name="test_deleted_hides_and_blocks_login_and_blocks_reregister" time="0.966" /><testcase classname="tests.test_account_status_retest.TestDisabledPartnerReferral" name="test_go_302_but_lead_has_no_partner" time="0.445" /></testsuite></testsuites>