<?xml version="1.0" encoding="utf-8"?><testsuites name="pytest tests"><testsuite name="pytest" errors="0" failures="0" skipped="0" tests="9" time="2.843" timestamp="2026-09-10T14:57:23.634201+00:00" hostname="agent-env-4d34bc32-de68-46ef-86d3-6f86c52f3f86"><testcase classname="tests.test_share_kit_kyc.TestShareQR" name="test_qr_requires_auth" time="0.244" /><testcase classname="tests.test_share_kit_kyc.TestShareQR" name="test_qr_ok" time="0.608" /><testcase classname="tests.test_share_kit_kyc.TestShareQR" name="test_qr_invalid_url" time="0.202" /><testcase classname="tests.test_share_kit_kyc.TestSharePoster" name="test_poster_requires_auth" time="0.557" /><testcase classname="tests.test_share_kit_kyc.TestSharePoster" name="test_poster_unknown_slug_404" time="0.147" /><testcase classname="tests.test_share_kit_kyc.TestSharePoster" name="test_poster_ok" time="0.346" /><testcase classname="tests.test_share_kit_kyc.TestKycValidation" name="test_short_ifsc_rejected" time="0.357" /><testcase classname="tests.test_share_kit_kyc.TestKycValidation" name="test_bad_ifsc_rejected" time="0.146" /><testcase classname="tests.test_share_kit_kyc.TestKycValidation" name="test_bad_upi_rejected" time="0.163" /></testsuite></testsuites>