<?xml version="1.0" encoding="utf-8"?><testsuites name="pytest tests"><testsuite name="pytest" errors="0" failures="0" skipped="0" tests="7" time="7.579" timestamp="2026-09-10T15:55:38.035475+00:00" hostname="agent-env-4d34bc32-de68-46ef-86d3-6f86c52f3f86"><testcase classname="tests.test_shutdown.TestShutdownCycle" name="test_public_status_initial" time="1.146" /><testcase classname="tests.test_shutdown.TestShutdownCycle" name="test_admin_get_shutdown" time="0.580" /><testcase classname="tests.test_shutdown.TestShutdownCycle" name="test_wrong_password_403" time="0.811" /><testcase classname="tests.test_shutdown.TestShutdownCycle" name="test_reopen_in_past_400" time="0.705" /><testcase classname="tests.test_shutdown.TestShutdownCycle" name="test_full_shutdown_cycle" time="2.787" /><testcase classname="tests.test_shutdown.TestRegression" name="test_go_redirect_partner_link" time="0.825" /><testcase classname="tests.test_shutdown.TestRegression" name="test_customer_login_ok" time="0.671" /></testsuite></testsuites>